2025-07-25 19:19:39,071 - automationLogger - INFO - Logger initialized and writing to automation.log.
2025-07-25 19:19:40,388 - automationLogger - INFO - Test_1_Login.test_login
2025-07-25 19:19:40,388 - automationLogger - INFO - Verifying the Login Page
2025-07-29 17:10:59,146 - automationLogger - INFO - Logger initialized and writing to automation.log.
2025-07-29 17:29:29,437 - automationLogger - INFO - Logger initialized and writing to automation.log.
2025-07-29 17:30:01,396 - automationLogger - INFO - Logger initialized and writing to automation.log.
2025-07-29 17:40:27,485 - automationLogger - INFO - Logger initialized and writing to automation.log.
2025-07-29 17:40:30,572 - automationLogger - INFO - Test_1_Login.test_login
2025-07-29 17:40:30,573 - automationLogger - INFO - Verifying the Login Page
2025-07-29 17:40:49,442 - automationLogger - INFO - Logger initialized and writing to automation.log.
2025-07-29 17:40:50,700 - automationLogger - INFO - Test_1_Login.test_login
2025-07-29 17:40:50,701 - automationLogger - INFO - Verifying the Login Page
2025-07-29 17:41:36,553 - automationLogger - INFO - Logger initialized and writing to automation.log.
2025-07-29 17:45:10,670 - automationLogger - INFO - Logger initialized and writing to automation.log.
2025-07-29 17:47:58,177 - automationLogger - INFO - Logger initialized and writing to automation.log.
2025-07-29 17:48:51,826 - automationLogger - INFO - Logger initialized and writing to automation.log.
2025-07-29 17:48:57,736 - automationLogger - INFO - Test_1_Login.test_login
2025-07-29 17:48:57,736 - automationLogger - INFO - Verifying the Login Page
2025-07-29 18:41:56,548 - automationLogger - INFO - Logger initialized and writing to automation.log.
2025-07-29 18:42:07,806 - automationLogger - INFO - Test_1_Login.test_login
2025-07-29 18:42:07,806 - automationLogger - INFO - Verifying the Login Page
2025-07-29 18:50:26,702 - automationLogger - INFO - Logger initialized and writing to automation.log.
2025-07-29 18:50:31,421 - automationLogger - INFO - Test_1_Login.test_login
2025-07-29 18:50:31,421 - automationLogger - INFO - Verifying the Login Page
2025-07-29 19:00:07,366 - automationLogger - INFO - Logger initialized and writing to automation.log.
2025-07-29 19:00:11,324 - automationLogger - INFO - Test_1_Login.test_login
2025-07-29 19:00:11,324 - automationLogger - INFO - Verifying the Login Page
2025-07-29 19:02:56,555 - automationLogger - INFO - Logger initialized and writing to automation.log.
2025-07-29 19:02:58,786 - automationLogger - INFO - Test_1_Login.test_login
2025-07-29 19:02:58,786 - automationLogger - INFO - Verifying the Login Page
2025-07-30 13:19:23,184 - automationLogger - INFO - Logger initialized and writing to automation.log.
2025-07-30 13:19:27,825 - automationLogger - INFO - Test_1_Login.test_login
2025-07-30 13:19:27,825 - automationLogger - INFO - Verifying the Login Page
2025-07-30 14:34:36,011 - automationLogger - INFO - Logger initialized and writing to automation.log.
2025-07-30 15:01:28,701 - automationLogger - INFO - Logger initialized and writing to automation.log.
2025-07-30 15:01:31,484 - automationLogger - INFO - Test_002_DDT_Login.test_login
2025-07-30 15:01:31,484 - automationLogger - INFO - Verifying the Login Page
2025-07-30 15:31:43,935 - automationLogger - INFO - Logger initialized and writing to automation.log.
2025-07-30 15:31:45,435 - automationLogger - INFO - Test_002_DDT_Login.test_login
2025-07-30 15:31:45,435 - automationLogger - INFO - Verifying the Login Page
2025-07-30 15:36:56,614 - automationLogger - INFO - Logger initialized and writing to automation.log.
2025-07-30 15:36:58,021 - automationLogger - INFO - Test_002_DDT_Login.test_login
2025-07-30 15:36:58,022 - automationLogger - INFO - Verifying the Login Page
2025-07-30 15:37:08,082 - automationLogger - INFO - ****Passesd*******
2025-07-30 15:40:22,698 - automationLogger - INFO - Logger initialized and writing to automation.log.
2025-07-30 15:40:22,872 - automationLogger - INFO - Logger initialized and writing to automation.log.
2025-07-30 15:40:29,585 - automationLogger - INFO - Test_1_Login.test_login
2025-07-30 15:40:29,585 - automationLogger - INFO - Verifying the Login Page
2025-07-30 15:40:34,217 - automationLogger - INFO - Test_002_DDT_Login.test_login
2025-07-30 15:40:34,218 - automationLogger - INFO - Verifying the Login Page
2025-07-30 15:41:38,116 - automationLogger - INFO - Logger initialized and writing to automation.log.
2025-07-30 15:41:39,577 - automationLogger - INFO - Test_002_DDT_Login.test_login
2025-07-30 15:41:39,577 - automationLogger - INFO - Verifying the Login Page
2025-07-30 15:45:57,283 - automationLogger - INFO - Logger initialized and writing to automation.log.
2025-07-30 15:45:58,851 - automationLogger - INFO - Test_002_DDT_Login.test_login
2025-07-30 15:45:58,851 - automationLogger - INFO - Verifying the Login Page
2025-07-30 15:47:18,677 - automationLogger - INFO - Logger initialized and writing to automation.log.
2025-07-30 15:47:19,974 - automationLogger - INFO - Test_002_DDT_Login.test_login
2025-07-30 15:47:19,974 - automationLogger - INFO - Verifying the Login Page
2025-07-30 15:50:53,041 - automationLogger - INFO - Logger initialized and writing to automation.log.
2025-07-30 15:50:55,026 - automationLogger - INFO - Test_002_DDT_Login.test_login
2025-07-30 15:50:55,026 - automationLogger - INFO - Verifying the Login Page
2025-07-30 15:51:06,320 - automationLogger - INFO - ****Passesd*******
2025-07-30 15:59:27,494 - automationLogger - INFO - Logger initialized and writing to automation.log.
2025-07-30 15:59:28,923 - automationLogger - INFO - Test_002_DDT_Login.test_login
2025-07-30 15:59:28,923 - automationLogger - INFO - Verifying the Login Page
2025-07-30 15:59:39,806 - automationLogger - INFO - ****Passesd*******
2025-07-30 15:59:39,958 - automationLogger - INFO - **** end of Login DDT tets passed*******
2025-07-30 16:02:18,807 - automationLogger - INFO - Logger initialized and writing to automation.log.
2025-07-30 16:02:21,084 - automationLogger - INFO - Test_002_DDT_Login.test_login
2025-07-30 16:02:21,085 - automationLogger - INFO - Verifying the Login Page
2025-07-30 16:02:31,667 - automationLogger - INFO - ****Passesd*******
2025-07-30 16:02:31,763 - automationLogger - INFO - **** end of Login DDT tets passed*******
2025-07-30 16:08:20,512 - automationLogger - INFO - Logger initialized and writing to automation.log.
2025-07-30 16:08:21,849 - automationLogger - INFO - Test_002_DDT_Login.test_login
2025-07-30 16:08:21,849 - automationLogger - INFO - Verifying the Login Page
2025-07-30 16:20:12,852 - automationLogger - INFO - Logger initialized and writing to automation.log.
2025-07-30 16:20:14,349 - automationLogger - INFO - Test_002_DDT_Login.test_login
2025-07-30 16:20:14,350 - automationLogger - INFO - Verifying the Login Page
2025-07-30 16:20:25,461 - automationLogger - INFO - ****Passesd*******
2025-07-30 16:20:25,547 - automationLogger - INFO - **** end of Login DDT tets passed*******
2025-07-30 16:28:05,848 - automationLogger - INFO - Logger initialized and writing to automation.log.
2025-07-30 16:28:07,311 - automationLogger - INFO - Test_002_DDT_Login.test_login
2025-07-30 16:28:07,311 - automationLogger - INFO - Verifying the Login Page
2025-07-30 16:28:17,971 - automationLogger - INFO - ****Passesd*******
2025-07-30 16:28:18,095 - automationLogger - INFO - **** end of Login DDT tets passed*******
2025-07-30 16:29:40,597 - automationLogger - INFO - Logger initialized and writing to automation.log.
2025-07-30 16:29:42,039 - automationLogger - INFO - Test_002_DDT_Login.test_login
2025-07-30 16:29:42,039 - automationLogger - INFO - Verifying the Login Page
2025-07-30 16:29:52,271 - automationLogger - INFO - ****Passesd*******
2025-07-30 16:32:53,534 - automationLogger - INFO - Logger initialized and writing to automation.log.
2025-07-30 16:32:55,145 - automationLogger - INFO - Test_002_DDT_Login.test_login
2025-07-30 16:32:55,145 - automationLogger - INFO - Verifying the Login Page
2025-07-30 16:33:05,553 - automationLogger - INFO - ****Passesd*******
2025-07-30 16:33:05,761 - automationLogger - INFO - **** end of Login DDT tets passed*******
2025-07-30 16:38:37,327 - automationLogger - INFO - Logger initialized and writing to automation.log.
2025-07-30 16:38:38,825 - automationLogger - INFO - Test_002_DDT_Login.test_login
2025-07-30 16:38:38,825 - automationLogger - INFO - Verifying the Login Page
2025-07-30 16:38:49,316 - automationLogger - INFO - ****Passesd*******
2025-07-30 16:38:49,463 - automationLogger - INFO - **** end of Login DDT tets passed*******
2025-07-30 16:45:15,898 - automationLogger - INFO - Logger initialized and writing to automation.log.
2025-07-30 16:45:17,672 - automationLogger - INFO - Test_002_DDT_Login.test_login
2025-07-30 16:45:17,672 - automationLogger - INFO - Verifying the Login Page
2025-07-30 16:45:28,169 - automationLogger - INFO - ****Passesd*******
2025-07-30 16:45:28,400 - automationLogger - INFO - **** end of Login DDT tets passed*******
2025-07-30 16:56:01,092 - automationLogger - INFO - Logger initialized and writing to automation.log.
2025-07-30 16:56:02,595 - automationLogger - INFO - Test_002_DDT_Login.test_login
2025-07-30 16:56:02,595 - automationLogger - INFO - Verifying the Login Page
2025-07-30 16:56:13,199 - automationLogger - INFO - ****Passesd*******
2025-07-30 16:57:28,778 - automationLogger - INFO - Logger initialized and writing to automation.log.
2025-07-30 16:57:30,039 - automationLogger - INFO - Test_002_DDT_Login.test_login
2025-07-30 16:57:30,040 - automationLogger - INFO - Verifying the Login Page
2025-07-30 16:57:40,540 - automationLogger - INFO - ****Passesd*******
2025-07-30 16:59:47,412 - automationLogger - INFO - Logger initialized and writing to automation.log.
2025-07-30 16:59:48,791 - automationLogger - INFO - Test_002_DDT_Login.test_login
2025-07-30 16:59:48,791 - automationLogger - INFO - Verifying the Login Page
2025-07-30 16:59:59,094 - automationLogger - INFO - ****Passesd*******
2025-07-30 16:59:59,343 - automationLogger - INFO - **** end of Login DDT tets passed*******
2025-07-30 17:02:51,355 - automationLogger - INFO - Logger initialized and writing to automation.log.
2025-07-30 17:02:53,658 - automationLogger - INFO - Test_002_DDT_Login.test_login
2025-07-30 17:02:53,658 - automationLogger - INFO - Verifying the Login Page
2025-07-30 17:03:04,030 - automationLogger - INFO - ****Passesd*******
2025-07-30 17:03:04,346 - automationLogger - INFO - **** end of Login DDT tets passed*******
2025-07-30 17:03:22,499 - automationLogger - INFO - Logger initialized and writing to automation.log.
2025-07-30 17:03:23,767 - automationLogger - INFO - Test_002_DDT_Login.test_login
2025-07-30 17:03:23,767 - automationLogger - INFO - Verifying the Login Page
2025-07-30 17:03:33,631 - automationLogger - INFO - ****Passesd*******
2025-07-30 17:03:33,757 - automationLogger - INFO - **** end of Login DDT tets passed*******
2025-07-30 17:06:47,411 - automationLogger - INFO - Logger initialized and writing to automation.log.
2025-07-30 17:06:48,631 - automationLogger - INFO - Test_002_DDT_Login.test_login
2025-07-30 17:06:48,631 - automationLogger - INFO - Verifying the Login Page
2025-07-30 17:06:59,022 - automationLogger - INFO - ****Passesd*******
2025-07-30 17:09:24,141 - automationLogger - INFO - Logger initialized and writing to automation.log.
2025-07-30 17:09:25,596 - automationLogger - INFO - Test_002_DDT_Login.test_login
2025-07-30 17:09:25,596 - automationLogger - INFO - Verifying the Login Page
2025-07-30 17:09:36,012 - automationLogger - INFO - ****Passesd*******
2025-07-30 17:12:08,830 - automationLogger - INFO - Logger initialized and writing to automation.log.
2025-07-30 17:12:10,286 - automationLogger - INFO - Test_002_DDT_Login.test_login
2025-07-30 17:12:10,286 - automationLogger - INFO - Verifying the Login Page
2025-07-30 17:12:21,003 - automationLogger - INFO - ****Passesd*******
2025-07-30 18:04:52,911 - automationLogger - INFO - Logger initialized and writing to automation.log.
2025-07-30 18:04:56,390 - automationLogger - INFO - Test_002_DDT_Login.test_login
2025-07-30 18:04:56,390 - automationLogger - INFO - Verifying the Login Page
2025-07-30 18:05:06,568 - automationLogger - INFO - ****Passesd*******
2025-07-30 18:11:31,325 - automationLogger - INFO - Logger initialized and writing to automation.log.
2025-07-30 18:11:32,897 - automationLogger - INFO - Test_002_DDT_Login.test_login
2025-07-30 18:11:32,897 - automationLogger - INFO - Verifying the Login Page
2025-07-30 18:11:43,606 - automationLogger - INFO - ****Passesd*******
2025-07-30 18:13:46,610 - automationLogger - INFO - Logger initialized and writing to automation.log.
2025-07-30 18:13:47,912 - automationLogger - INFO - Test_002_DDT_Login.test_login
2025-07-30 18:13:47,912 - automationLogger - INFO - Verifying the Login Page
2025-07-30 18:21:20,840 - automationLogger - INFO - Logger initialized and writing to automation.log.
2025-07-30 18:21:22,441 - automationLogger - INFO - Test_002_DDT_Login.test_login
2025-07-30 18:21:22,441 - automationLogger - INFO - Verifying the Login Page
2025-07-30 18:22:22,054 - automationLogger - INFO - Logger initialized and writing to automation.log.
2025-07-30 18:22:23,357 - automationLogger - INFO - Test_002_DDT_Login.test_login
2025-07-30 18:22:23,357 - automationLogger - INFO - Verifying the Login Page
2025-07-30 18:24:35,191 - automationLogger - INFO - Logger initialized and writing to automation.log.
2025-07-30 18:24:36,908 - automationLogger - INFO - Test_002_DDT_Login.test_login
2025-07-30 18:24:36,908 - automationLogger - INFO - Verifying the Login Page
2025-07-30 18:24:47,360 - automationLogger - INFO - ****Passesd*******
2025-07-30 18:27:49,904 - automationLogger - INFO - Logger initialized and writing to automation.log.
2025-07-30 18:27:51,428 - automationLogger - INFO - Test_002_DDT_Login.test_login
2025-07-30 18:27:51,428 - automationLogger - INFO - Verifying the Login Page
2025-07-30 18:28:01,666 - automationLogger - INFO - ****Passesd*******
2025-07-30 18:39:52,152 - automationLogger - INFO - Logger initialized and writing to automation.log.
2025-07-30 18:39:53,682 - automationLogger - INFO - Test_002_DDT_Login.test_login
2025-07-30 18:39:53,682 - automationLogger - INFO - Verifying the Login Page
2025-07-30 18:40:04,100 - automationLogger - INFO - ****Passesd*******
2025-07-30 18:42:30,985 - automationLogger - INFO - Logger initialized and writing to automation.log.
2025-07-30 18:42:32,359 - automationLogger - INFO - Test_002_DDT_Login.test_login
2025-07-30 18:42:32,359 - automationLogger - INFO - Verifying the Login Page
2025-07-30 18:42:42,675 - automationLogger - INFO - ****Passesd*******
2025-07-31 13:12:09,753 - automationLogger - INFO - Logger initialized and writing to automation.log.
2025-07-31 13:12:12,255 - automationLogger - INFO - Test_002_DDT_Login.test_login
2025-07-31 13:12:12,255 - automationLogger - INFO - Verifying the Login Page
2025-07-31 13:12:22,618 - automationLogger - INFO - ****Passesd*******
2025-07-31 13:13:58,964 - automationLogger - INFO - Logger initialized and writing to automation.log.
2025-07-31 13:14:00,380 - automationLogger - INFO - Test_002_DDT_Login.test_login
2025-07-31 13:14:00,381 - automationLogger - INFO - Verifying the Login Page
2025-07-31 13:14:10,819 - automationLogger - INFO - ****Passesd*******
2025-07-31 13:18:18,784 - automationLogger - INFO - Logger initialized and writing to automation.log.
2025-07-31 13:18:20,327 - automationLogger - INFO - Test_002_DDT_Login.test_login
2025-07-31 13:18:20,327 - automationLogger - INFO - Verifying the Login Page
2025-07-31 13:18:30,665 - automationLogger - INFO - ****Passesd*******
2025-07-31 13:19:14,977 - automationLogger - INFO - Logger initialized and writing to automation.log.
2025-07-31 13:19:16,305 - automationLogger - INFO - Test_002_DDT_Login.test_login
2025-07-31 13:19:16,306 - automationLogger - INFO - Verifying the Login Page
2025-07-31 13:19:26,627 - automationLogger - INFO - ****Passesd*******
2025-07-31 13:20:12,886 - automationLogger - INFO - Logger initialized and writing to automation.log.
2025-07-31 13:20:17,089 - automationLogger - INFO - Test_1_Login.test_login
2025-07-31 13:20:17,089 - automationLogger - INFO - Verifying the Login Page
